Determining if the pthread_create exist failed with the following output:
Change Dir: /BIGDATA/nsccgz_pcheng_1/src/octopus/build/CMakeFiles/CMakeTmp

Run Build Command:/usr/bin/gmake "cmTryCompileExec1334705534/fast"
/usr/bin/gmake -f CMakeFiles/cmTryCompileExec1334705534.dir/build.make CMakeFiles/cmTryCompileExec1334705534.dir/build
gmake[1]: Entering directory `/BIGDATA/nsccgz_pcheng_1/src/octopus/build/CMakeFiles/CMakeTmp'
/usr/bin/cmake -E cmake_progress_report /BIGDATA/nsccgz_pcheng_1/src/octopus/build/CMakeFiles/CMakeTmp/CMakeFiles 1
Building C object CMakeFiles/cmTryCompileExec1334705534.dir/CheckSymbolExists.c.o
/usr/bin/cc   -Wall -Wno-deprecated-declarations -Wsign-compare    -o CMakeFiles/cmTryCompileExec1334705534.dir/CheckSymbolExists.c.o   -c /BIGDATA/nsccgz_pcheng_1/src/octopus/build/CMakeFiles/CMakeTmp/CheckSymbolExists.c
Linking C executable cmTryCompileExec1334705534
/usr/bin/cmake -E cmake_link_script CMakeFiles/cmTryCompileExec1334705534.dir/link.txt --verbose=1
/usr/bin/cc  -Wall -Wno-deprecated-declarations -Wsign-compare     CMakeFiles/cmTryCompileExec1334705534.dir/CheckSymbolExists.c.o  -o cmTryCompileExec1334705534 -rdynamic 
CMakeFiles/cmTryCompileExec1334705534.dir/CheckSymbolExists.c.o: In function `main':
CheckSymbolExists.c:(.text+0x16): undefined reference to `pthread_create'
collect2: error: ld returned 1 exit status
gmake[1]: *** [cmTryCompileExec1334705534] Error 1
gmake[1]: Leaving directory `/BIGDATA/nsccgz_pcheng_1/src/octopus/build/CMakeFiles/CMakeTmp'
gmake: *** [cmTryCompileExec1334705534/fast] Error 2

File /BIGDATA/nsccgz_pcheng_1/src/octopus/build/CMakeFiles/CMakeTmp/CheckSymbolExists.c:
/* */
#include <pthread.h>

int main(int argc, char** argv)
{
  (void)argv;
#ifndef pthread_create
  return ((int*)(&pthread_create))[argc];
#else
  (void)argc;
  return 0;
#endif
}

Determining if the function pthread_create exists in the pthreads failed with the following output:
Change Dir: /BIGDATA/nsccgz_pcheng_1/src/octopus/build/CMakeFiles/CMakeTmp

Run Build Command:/usr/bin/gmake "cmTryCompileExec913206498/fast"
/usr/bin/gmake -f CMakeFiles/cmTryCompileExec913206498.dir/build.make CMakeFiles/cmTryCompileExec913206498.dir/build
gmake[1]: Entering directory `/BIGDATA/nsccgz_pcheng_1/src/octopus/build/CMakeFiles/CMakeTmp'
/usr/bin/cmake -E cmake_progress_report /BIGDATA/nsccgz_pcheng_1/src/octopus/build/CMakeFiles/CMakeTmp/CMakeFiles 1
Building C object CMakeFiles/cmTryCompileExec913206498.dir/CheckFunctionExists.c.o
/usr/bin/cc   -Wall -Wno-deprecated-declarations -Wsign-compare -DCHECK_FUNCTION_EXISTS=pthread_create   -o CMakeFiles/cmTryCompileExec913206498.dir/CheckFunctionExists.c.o   -c /usr/share/cmake/Modules/CheckFunctionExists.c
Linking C executable cmTryCompileExec913206498
/usr/bin/cmake -E cmake_link_script CMakeFiles/cmTryCompileExec913206498.dir/link.txt --verbose=1
/usr/bin/cc  -Wall -Wno-deprecated-declarations -Wsign-compare -DCHECK_FUNCTION_EXISTS=pthread_create    CMakeFiles/cmTryCompileExec913206498.dir/CheckFunctionExists.c.o  -o cmTryCompileExec913206498 -rdynamic -lpthreads 
/usr/bin/ld: cannot find -lpthreads
collect2: error: ld returned 1 exit status
gmake[1]: *** [cmTryCompileExec913206498] Error 1
gmake[1]: Leaving directory `/BIGDATA/nsccgz_pcheng_1/src/octopus/build/CMakeFiles/CMakeTmp'
gmake: *** [cmTryCompileExec913206498/fast] Error 2


